# JRE version: OpenJDK Runtime Environment (8.0_111-b14) (build 1.8.0_111-8u111-b14-2ubuntu0.16.04.2-b14)
# Java VM: OpenJDK 64-Bit Server VM (25.111-b14 mixed mode linux-amd64 compressed oops)
Heap:
 PSYoungGen      total 256000K, used 64K [0x00000000d6d80000, 0x00000000e6980000, 0x0000000100000000)
  eden space 253952K, 0% used [0x00000000d6d80000,0x00000000d6d80000,0x00000000e6580000)
  from space 2048K, 3% used [0x00000000e6580000,0x00000000e6590000,0x00000000e6780000)
  to   space 2048K, 0% used [0x00000000e6780000,0x00000000e6780000,0x00000000e6980000)
 ParOldGen       total 84992K, used 1385K [0x0000000084800000, 0x0000000089b00000, 0x00000000d6d80000)
  object space 84992K, 1% used [0x0000000084800000,0x000000008495a568,0x0000000089b00000)
 Metaspace       used 9130K, capacity 9368K, committed 9600K, reserved 1058816K
  class space    used 997K, capacity 1096K, committed 1152K, reserved 1048576K
GC Heap History (10 events):
Event: 1,513 GC heap after
Heap after GC invocations=4 (full 0):
 PSYoungGen      total 68608K, used 1396K [0x00000000d6d80000, 0x00000000db580000, 0x0000000100000000)
  eden space 63488K, 0% used [0x00000000d6d80000,0x00000000d6d80000,0x00000000dab80000)
  from space 5120K, 27% used [0x00000000db080000,0x00000000db1dd050,0x00000000db580000)
  to   space 5120K, 0% used [0x00000000dab80000,0x00000000dab80000,0x00000000db080000)
 ParOldGen       total 84992K, used 40K [0x0000000084800000, 0x0000000089b00000, 0x00000000d6d80000)
  object space 84992K, 0% used [0x0000000084800000,0x000000008480a000,0x0000000089b00000)
 Metaspace       used 9110K, capacity 9304K, committed 9600K, reserved 1058816K
  class space    used 996K, capacity 1096K, committed 1152K, reserved 1048576K
}
Event: 1,615 GC heap before
{Heap before GC invocations=5 (full 0):
 PSYoungGen      total 68608K, used 64884K [0x00000000d6d80000, 0x00000000db580000, 0x0000000100000000)
  eden space 63488K, 100% used [0x00000000d6d80000,0x00000000dab80000,0x00000000dab80000)
  from space 5120K, 27% used [0x00000000db080000,0x00000000db1dd050,0x00000000db580000)
  to   space 5120K, 0% used [0x00000000dab80000,0x00000000dab80000,0x00000000db080000)
 ParOldGen       total 84992K, used 40K [0x0000000084800000, 0x0000000089b00000, 0x00000000d6d80000)
  object space 84992K, 0% used [0x0000000084800000,0x000000008480a000,0x0000000089b00000)
 Metaspace       used 9113K, capacity 9304K, committed 9600K, reserved 1058816K
  class space    used 996K, capacity 1096K, committed 1152K, reserved 1048576K
Event: 1,620 GC heap after
Heap after GC invocations=5 (full 0):
 PSYoungGen      total 68608K, used 1392K [0x00000000d6d80000, 0x00000000dec80000, 0x0000000100000000)
  eden space 63488K, 0% used [0x00000000d6d80000,0x00000000d6d80000,0x00000000dab80000)
  from space 5120K, 27% used [0x00000000dab80000,0x00000000dacdc010,0x00000000db080000)
  to   space 1536K, 0% used [0x00000000deb00000,0x00000000deb00000,0x00000000dec80000)
 ParOldGen       total 84992K, used 40K [0x0000000084800000, 0x0000000089b00000, 0x00000000d6d80000)
  object space 84992K, 0% used [0x0000000084800000,0x000000008480a000,0x0000000089b00000)
 Metaspace       used 9113K, capacity 9304K, committed 9600K, reserved 1058816K
  class space    used 996K, capacity 1096K, committed 1152K, reserved 1048576K
}
Event: 1,796 GC heap before
{Heap before GC invocations=6 (full 0):
 PSYoungGen      total 68608K, used 64880K [0x00000000d6d80000, 0x00000000dec80000, 0x0000000100000000)
  eden space 63488K, 100% used [0x00000000d6d80000,0x00000000dab80000,0x00000000dab80000)
  from space 5120K, 27% used [0x00000000dab80000,0x00000000dacdc010,0x00000000db080000)
  to   space 1536K, 0% used [0x00000000deb00000,0x00000000deb00000,0x00000000dec80000)
 ParOldGen       total 84992K, used 40K [0x0000000084800000, 0x0000000089b00000, 0x00000000d6d80000)
  object space 84992K, 0% used [0x0000000084800000,0x000000008480a000,0x0000000089b00000)
 Metaspace       used 9114K, capacity 9304K, committed 9600K, reserved 1058816K
  class space    used 997K, capacity 1096K, committed 1152K, reserved 1048576K
Event: 1,800 GC heap after
Heap after GC invocations=6 (full 0):
 PSYoungGen      total 128512K, used 1393K [0x00000000d6d80000, 0x00000000dec80000, 0x0000000100000000)
  eden space 126976K, 0% used [0x00000000d6d80000,0x00000000d6d80000,0x00000000de980000)
  from space 1536K, 90% used [0x00000000deb00000,0x00000000dec5c550,0x00000000dec80000)
  to   space 1536K, 0% used [0x00000000de980000,0x00000000de980000,0x00000000deb00000)
 ParOldGen       total 84992K, used 48K [0x0000000084800000, 0x0000000089b00000, 0x00000000d6d80000)
  object space 84992K, 0% used [0x0000000084800000,0x000000008480c000,0x0000000089b00000)
 Metaspace       used 9114K, capacity 9304K, committed 9600K, reserved 1058816K
  class space    used 997K, capacity 1096K, committed 1152K, reserved 1048576K
}
Event: 2,046 GC heap before
{Heap before GC invocations=7 (full 0):
 PSYoungGen      total 128512K, used 128369K [0x00000000d6d80000, 0x00000000dec80000, 0x0000000100000000)
  eden space 126976K, 100% used [0x00000000d6d80000,0x00000000de980000,0x00000000de980000)
  from space 1536K, 90% used [0x00000000deb00000,0x00000000dec5c550,0x00000000dec80000)
  to   space 1536K, 0% used [0x00000000de980000,0x00000000de980000,0x00000000deb00000)
 ParOldGen       total 84992K, used 48K [0x0000000084800000, 0x0000000089b00000, 0x00000000d6d80000)
  object space 84992K, 0% used [0x0000000084800000,0x000000008480c000,0x0000000089b00000)
 Metaspace       used 9115K, capacity 9304K, committed 9600K, reserved 1058816K
  class space    used 997K, capacity 1096K, committed 1152K, reserved 1048576K
Event: 2,048 GC heap after
Heap after GC invocations=7 (full 0):
 PSYoungGen      total 128512K, used 256K [0x00000000d6d80000, 0x00000000e6980000, 0x0000000100000000)
  eden space 126976K, 0% used [0x00000000d6d80000,0x00000000d6d80000,0x00000000de980000)
  from space 1536K, 16% used [0x00000000de980000,0x00000000de9c0000,0x00000000deb00000)
  to   space 2048K, 0% used [0x00000000e6780000,0x00000000e6780000,0x00000000e6980000)
 ParOldGen       total 84992K, used 1353K [0x0000000084800000, 0x0000000089b00000, 0x00000000d6d80000)
  object space 84992K, 1% used [0x0000000084800000,0x0000000084952568,0x0000000089b00000)
 Metaspace       used 9115K, capacity 9304K, committed 9600K, reserved 1058816K
  class space    used 997K, capacity 1096K, committed 1152K, reserved 1048576K
}
Event: 2,207 GC heap before
{Heap before GC invocations=8 (full 0):
 PSYoungGen      total 128512K, used 127232K [0x00000000d6d80000, 0x00000000e6980000, 0x0000000100000000)
  eden space 126976K, 100% used [0x00000000d6d80000,0x00000000de980000,0x00000000de980000)
  from space 1536K, 16% used [0x00000000de980000,0x00000000de9c0000,0x00000000deb00000)
  to   space 2048K, 0% used [0x00000000e6780000,0x00000000e6780000,0x00000000e6980000)
 ParOldGen       total 84992K, used 1353K [0x0000000084800000, 0x0000000089b00000, 0x00000000d6d80000)
  object space 84992K, 1% used [0x0000000084800000,0x0000000084952568,0x0000000089b00000)
 Metaspace       used 9116K, capacity 9304K, committed 9600K, reserved 1058816K
  class space    used 997K, capacity 1096K, committed 1152K, reserved 1048576K
Event: 2,210 GC heap after
Heap after GC invocations=8 (full 0):
 PSYoungGen      total 256000K, used 224K [0x00000000d6d80000, 0x00000000e6980000, 0x0000000100000000)
  eden space 253952K, 0% used [0x00000000d6d80000,0x00000000d6d80000,0x00000000e6580000)
  from space 2048K, 10% used [0x00000000e6780000,0x00000000e67b8000,0x00000000e6980000)
  to   space 2048K, 0% used [0x00000000e6580000,0x00000000e6580000,0x00000000e6780000)
 ParOldGen       total 84992K, used 1361K [0x0000000084800000, 0x0000000089b00000, 0x00000000d6d80000)
  object space 84992K, 1% used [0x0000000084800000,0x0000000084954568,0x0000000089b00000)
 Metaspace       used 9116K, capacity 9304K, committed 9600K, reserved 1058816K
  class space    used 997K, capacity 1096K, committed 1152K, reserved 1048576K
}
Event: 2,658 GC heap before
{Heap before GC invocations=9 (full 0):
 PSYoungGen      total 256000K, used 254176K [0x00000000d6d80000, 0x00000000e6980000, 0x0000000100000000)
  eden space 253952K, 100% used [0x00000000d6d80000,0x00000000e6580000,0x00000000e6580000)
  from space 2048K, 10% used [0x00000000e6780000,0x00000000e67b8000,0x00000000e6980000)
  to   space 2048K, 0% used [0x00000000e6580000,0x00000000e6580000,0x00000000e6780000)
 ParOldGen       total 84992K, used 1361K [0x0000000084800000, 0x0000000089b00000, 0x00000000d6d80000)
  object space 84992K, 1% used [0x0000000084800000,0x0000000084954568,0x0000000089b00000)
 Metaspace       used 9130K, capacity 9368K, committed 9600K, reserved 1058816K
  class space    used 997K, capacity 1096K, committed 1152K, reserved 1048576K

