# JRE version: OpenJDK Runtime Environment (8.0_111-b14) (build 1.8.0_111-8u111-b14-2ubuntu0.16.04.2-b14)
# Java VM: OpenJDK 64-Bit Server VM (25.111-b14 mixed mode linux-amd64 compressed oops)
Heap:
 PSYoungGen      total 256000K, used 128K [0x00000000d6d80000, 0x00000000e6980000, 0x0000000100000000)
  eden space 253952K, 0% used [0x00000000d6d80000,0x00000000d6d80000,0x00000000e6580000)
  from space 2048K, 6% used [0x00000000e6580000,0x00000000e65a0000,0x00000000e6780000)
  to   space 2048K, 0% used [0x00000000e6780000,0x00000000e6780000,0x00000000e6980000)
 ParOldGen       total 84992K, used 1388K [0x0000000084800000, 0x0000000089b00000, 0x00000000d6d80000)
  object space 84992K, 1% used [0x0000000084800000,0x000000008495b240,0x0000000089b00000)
 Metaspace       used 9080K, capacity 9300K, committed 9600K, reserved 1058816K
  class space    used 999K, capacity 1096K, committed 1152K, reserved 1048576K
GC Heap History (10 events):
Event: 1,280 GC heap after
Heap after GC invocations=4 (full 0):
 PSYoungGen      total 68608K, used 1410K [0x00000000d6d80000, 0x00000000db580000, 0x0000000100000000)
  eden space 63488K, 0% used [0x00000000d6d80000,0x00000000d6d80000,0x00000000dab80000)
  from space 5120K, 27% used [0x00000000db080000,0x00000000db1e0830,0x00000000db580000)
  to   space 5120K, 0% used [0x00000000dab80000,0x00000000dab80000,0x00000000db080000)
 ParOldGen       total 84992K, used 40K [0x0000000084800000, 0x0000000089b00000, 0x00000000d6d80000)
  object space 84992K, 0% used [0x0000000084800000,0x000000008480a000,0x0000000089b00000)
 Metaspace       used 9063K, capacity 9300K, committed 9600K, reserved 1058816K
  class space    used 998K, capacity 1096K, committed 1152K, reserved 1048576K
}
Event: 1,396 GC heap before
{Heap before GC invocations=5 (full 0):
 PSYoungGen      total 68608K, used 64898K [0x00000000d6d80000, 0x00000000db580000, 0x0000000100000000)
  eden space 63488K, 100% used [0x00000000d6d80000,0x00000000dab80000,0x00000000dab80000)
  from space 5120K, 27% used [0x00000000db080000,0x00000000db1e0830,0x00000000db580000)
  to   space 5120K, 0% used [0x00000000dab80000,0x00000000dab80000,0x00000000db080000)
 ParOldGen       total 84992K, used 40K [0x0000000084800000, 0x0000000089b00000, 0x00000000d6d80000)
  object space 84992K, 0% used [0x0000000084800000,0x000000008480a000,0x0000000089b00000)
 Metaspace       used 9064K, capacity 9300K, committed 9600K, reserved 1058816K
  class space    used 998K, capacity 1096K, committed 1152K, reserved 1048576K
Event: 1,399 GC heap after
Heap after GC invocations=5 (full 0):
 PSYoungGen      total 68608K, used 1362K [0x00000000d6d80000, 0x00000000ded80000, 0x0000000100000000)
  eden space 63488K, 0% used [0x00000000d6d80000,0x00000000d6d80000,0x00000000dab80000)
  from space 5120K, 26% used [0x00000000dab80000,0x00000000dacd4840,0x00000000db080000)
  to   space 2048K, 0% used [0x00000000deb80000,0x00000000deb80000,0x00000000ded80000)
 ParOldGen       total 84992K, used 40K [0x0000000084800000, 0x0000000089b00000, 0x00000000d6d80000)
  object space 84992K, 0% used [0x0000000084800000,0x000000008480a000,0x0000000089b00000)
 Metaspace       used 9064K, capacity 9300K, committed 9600K, reserved 1058816K
  class space    used 998K, capacity 1096K, committed 1152K, reserved 1048576K
}
Event: 1,666 GC heap before
{Heap before GC invocations=6 (full 0):
 PSYoungGen      total 68608K, used 64850K [0x00000000d6d80000, 0x00000000ded80000, 0x0000000100000000)
  eden space 63488K, 100% used [0x00000000d6d80000,0x00000000dab80000,0x00000000dab80000)
  from space 5120K, 26% used [0x00000000dab80000,0x00000000dacd4840,0x00000000db080000)
  to   space 2048K, 0% used [0x00000000deb80000,0x00000000deb80000,0x00000000ded80000)
 ParOldGen       total 84992K, used 40K [0x0000000084800000, 0x0000000089b00000, 0x00000000d6d80000)
  object space 84992K, 0% used [0x0000000084800000,0x000000008480a000,0x0000000089b00000)
 Metaspace       used 9066K, capacity 9300K, committed 9600K, reserved 1058816K
  class space    used 999K, capacity 1096K, committed 1152K, reserved 1048576K
Event: 1,679 GC heap after
Heap after GC invocations=6 (full 0):
 PSYoungGen      total 129024K, used 1378K [0x00000000d6d80000, 0x00000000ded80000, 0x0000000100000000)
  eden space 126976K, 0% used [0x00000000d6d80000,0x00000000d6d80000,0x00000000de980000)
  from space 2048K, 67% used [0x00000000deb80000,0x00000000decd8830,0x00000000ded80000)
  to   space 2048K, 0% used [0x00000000de980000,0x00000000de980000,0x00000000deb80000)
 ParOldGen       total 84992K, used 48K [0x0000000084800000, 0x0000000089b00000, 0x00000000d6d80000)
  object space 84992K, 0% used [0x0000000084800000,0x000000008480c000,0x0000000089b00000)
 Metaspace       used 9066K, capacity 9300K, committed 9600K, reserved 1058816K
  class space    used 999K, capacity 1096K, committed 1152K, reserved 1048576K
}
Event: 1,884 GC heap before
{Heap before GC invocations=7 (full 0):
 PSYoungGen      total 129024K, used 128354K [0x00000000d6d80000, 0x00000000ded80000, 0x0000000100000000)
  eden space 126976K, 100% used [0x00000000d6d80000,0x00000000de980000,0x00000000de980000)
  from space 2048K, 67% used [0x00000000deb80000,0x00000000decd8830,0x00000000ded80000)
  to   space 2048K, 0% used [0x00000000de980000,0x00000000de980000,0x00000000deb80000)
 ParOldGen       total 84992K, used 48K [0x0000000084800000, 0x0000000089b00000, 0x00000000d6d80000)
  object space 84992K, 0% used [0x0000000084800000,0x000000008480c000,0x0000000089b00000)
 Metaspace       used 9067K, capacity 9300K, committed 9600K, reserved 1058816K
  class space    used 999K, capacity 1096K, committed 1152K, reserved 1048576K
Event: 1,890 GC heap after
Heap after GC invocations=7 (full 0):
 PSYoungGen      total 129024K, used 192K [0x00000000d6d80000, 0x00000000e6980000, 0x0000000100000000)
  eden space 126976K, 0% used [0x00000000d6d80000,0x00000000d6d80000,0x00000000de980000)
  from space 2048K, 9% used [0x00000000de980000,0x00000000de9b0000,0x00000000deb80000)
  to   space 2048K, 0% used [0x00000000e6780000,0x00000000e6780000,0x00000000e6980000)
 ParOldGen       total 84992K, used 1308K [0x0000000084800000, 0x0000000089b00000, 0x00000000d6d80000)
  object space 84992K, 1% used [0x0000000084800000,0x0000000084947240,0x0000000089b00000)
 Metaspace       used 9067K, capacity 9300K, committed 9600K, reserved 1058816K
  class space    used 999K, capacity 1096K, committed 1152K, reserved 1048576K
}
Event: 2,074 GC heap before
{Heap before GC invocations=8 (full 0):
 PSYoungGen      total 129024K, used 127168K [0x00000000d6d80000, 0x00000000e6980000, 0x0000000100000000)
  eden space 126976K, 100% used [0x00000000d6d80000,0x00000000de980000,0x00000000de980000)
  from space 2048K, 9% used [0x00000000de980000,0x00000000de9b0000,0x00000000deb80000)
  to   space 2048K, 0% used [0x00000000e6780000,0x00000000e6780000,0x00000000e6980000)
 ParOldGen       total 84992K, used 1308K [0x0000000084800000, 0x0000000089b00000, 0x00000000d6d80000)
  object space 84992K, 1% used [0x0000000084800000,0x0000000084947240,0x0000000089b00000)
 Metaspace       used 9071K, capacity 9300K, committed 9600K, reserved 1058816K
  class space    used 999K, capacity 1096K, committed 1152K, reserved 1048576K
Event: 2,092 GC heap after
Heap after GC invocations=8 (full 0):
 PSYoungGen      total 256000K, used 128K [0x00000000d6d80000, 0x00000000e6980000, 0x0000000100000000)
  eden space 253952K, 0% used [0x00000000d6d80000,0x00000000d6d80000,0x00000000e6580000)
  from space 2048K, 6% used [0x00000000e6780000,0x00000000e67a0000,0x00000000e6980000)
  to   space 2048K, 0% used [0x00000000e6580000,0x00000000e6580000,0x00000000e6780000)
 ParOldGen       total 84992K, used 1356K [0x0000000084800000, 0x0000000089b00000, 0x00000000d6d80000)
  object space 84992K, 1% used [0x0000000084800000,0x0000000084953240,0x0000000089b00000)
 Metaspace       used 9071K, capacity 9300K, committed 9600K, reserved 1058816K
  class space    used 999K, capacity 1096K, committed 1152K, reserved 1048576K
}
Event: 2,556 GC heap before
{Heap before GC invocations=9 (full 0):
 PSYoungGen      total 256000K, used 254080K [0x00000000d6d80000, 0x00000000e6980000, 0x0000000100000000)
  eden space 253952K, 100% used [0x00000000d6d80000,0x00000000e6580000,0x00000000e6580000)
  from space 2048K, 6% used [0x00000000e6780000,0x00000000e67a0000,0x00000000e6980000)
  to   space 2048K, 0% used [0x00000000e6580000,0x00000000e6580000,0x00000000e6780000)
 ParOldGen       total 84992K, used 1356K [0x0000000084800000, 0x0000000089b00000, 0x00000000d6d80000)
  object space 84992K, 1% used [0x0000000084800000,0x0000000084953240,0x0000000089b00000)
 Metaspace       used 9080K, capacity 9300K, committed 9600K, reserved 1058816K
  class space    used 999K, capacity 1096K, committed 1152K, reserved 1048576K

