# JRE version: OpenJDK Runtime Environment (8.0_111-b14) (build 1.8.0_111-8u111-b14-2ubuntu0.16.04.2-b14)
# Java VM: OpenJDK 64-Bit Server VM (25.111-b14 mixed mode linux-amd64 compressed oops)
Heap:
 PSYoungGen      total 256000K, used 160K [0x00000000d6d80000, 0x00000000e6980000, 0x0000000100000000)
  eden space 253952K, 0% used [0x00000000d6d80000,0x00000000d6d80000,0x00000000e6580000)
  from space 2048K, 7% used [0x00000000e6580000,0x00000000e65a8000,0x00000000e6780000)
  to   space 2048K, 0% used [0x00000000e6780000,0x00000000e6780000,0x00000000e6980000)
 ParOldGen       total 84992K, used 1397K [0x0000000084800000, 0x0000000089b00000, 0x00000000d6d80000)
  object space 84992K, 1% used [0x0000000084800000,0x000000008495d558,0x0000000089b00000)
 Metaspace       used 9076K, capacity 9304K, committed 9600K, reserved 1058816K
  class space    used 997K, capacity 1096K, committed 1152K, reserved 1048576K
GC Heap History (10 events):
Event: 1,837 GC heap after
Heap after GC invocations=4 (full 0):
 PSYoungGen      total 68608K, used 1328K [0x00000000d6d80000, 0x00000000db580000, 0x0000000100000000)
  eden space 63488K, 0% used [0x00000000d6d80000,0x00000000d6d80000,0x00000000dab80000)
  from space 5120K, 25% used [0x00000000db080000,0x00000000db1cc010,0x00000000db580000)
  to   space 5120K, 0% used [0x00000000dab80000,0x00000000dab80000,0x00000000db080000)
 ParOldGen       total 84992K, used 24K [0x0000000084800000, 0x0000000089b00000, 0x00000000d6d80000)
  object space 84992K, 0% used [0x0000000084800000,0x0000000084806000,0x0000000089b00000)
 Metaspace       used 9069K, capacity 9304K, committed 9600K, reserved 1058816K
  class space    used 996K, capacity 1096K, committed 1152K, reserved 1048576K
}
Event: 1,893 GC heap before
{Heap before GC invocations=5 (full 0):
 PSYoungGen      total 68608K, used 64816K [0x00000000d6d80000, 0x00000000db580000, 0x0000000100000000)
  eden space 63488K, 100% used [0x00000000d6d80000,0x00000000dab80000,0x00000000dab80000)
  from space 5120K, 25% used [0x00000000db080000,0x00000000db1cc010,0x00000000db580000)
  to   space 5120K, 0% used [0x00000000dab80000,0x00000000dab80000,0x00000000db080000)
 ParOldGen       total 84992K, used 24K [0x0000000084800000, 0x0000000089b00000, 0x00000000d6d80000)
  object space 84992K, 0% used [0x0000000084800000,0x0000000084806000,0x0000000089b00000)
 Metaspace       used 9070K, capacity 9304K, committed 9600K, reserved 1058816K
  class space    used 996K, capacity 1096K, committed 1152K, reserved 1048576K
Event: 1,907 GC heap after
Heap after GC invocations=5 (full 0):
 PSYoungGen      total 68608K, used 1403K [0x00000000d6d80000, 0x00000000dec80000, 0x0000000100000000)
  eden space 63488K, 0% used [0x00000000d6d80000,0x00000000d6d80000,0x00000000dab80000)
  from space 5120K, 27% used [0x00000000dab80000,0x00000000dacdecc0,0x00000000db080000)
  to   space 1536K, 0% used [0x00000000deb00000,0x00000000deb00000,0x00000000dec80000)
 ParOldGen       total 84992K, used 32K [0x0000000084800000, 0x0000000089b00000, 0x00000000d6d80000)
  object space 84992K, 0% used [0x0000000084800000,0x0000000084808000,0x0000000089b00000)
 Metaspace       used 9070K, capacity 9304K, committed 9600K, reserved 1058816K
  class space    used 996K, capacity 1096K, committed 1152K, reserved 1048576K
}
Event: 1,966 GC heap before
{Heap before GC invocations=6 (full 0):
 PSYoungGen      total 68608K, used 64891K [0x00000000d6d80000, 0x00000000dec80000, 0x0000000100000000)
  eden space 63488K, 100% used [0x00000000d6d80000,0x00000000dab80000,0x00000000dab80000)
  from space 5120K, 27% used [0x00000000dab80000,0x00000000dacdecc0,0x00000000db080000)
  to   space 1536K, 0% used [0x00000000deb00000,0x00000000deb00000,0x00000000dec80000)
 ParOldGen       total 84992K, used 32K [0x0000000084800000, 0x0000000089b00000, 0x00000000d6d80000)
  object space 84992K, 0% used [0x0000000084800000,0x0000000084808000,0x0000000089b00000)
 Metaspace       used 9072K, capacity 9304K, committed 9600K, reserved 1058816K
  class space    used 996K, capacity 1096K, committed 1152K, reserved 1048576K
Event: 1,973 GC heap after
Heap after GC invocations=6 (full 0):
 PSYoungGen      total 128512K, used 1458K [0x00000000d6d80000, 0x00000000dec80000, 0x0000000100000000)
  eden space 126976K, 0% used [0x00000000d6d80000,0x00000000d6d80000,0x00000000de980000)
  from space 1536K, 94% used [0x00000000deb00000,0x00000000dec6c820,0x00000000dec80000)
  to   space 1536K, 0% used [0x00000000de980000,0x00000000de980000,0x00000000deb00000)
 ParOldGen       total 84992K, used 40K [0x0000000084800000, 0x0000000089b00000, 0x00000000d6d80000)
  object space 84992K, 0% used [0x0000000084800000,0x000000008480a000,0x0000000089b00000)
 Metaspace       used 9072K, capacity 9304K, committed 9600K, reserved 1058816K
  class space    used 996K, capacity 1096K, committed 1152K, reserved 1048576K
}
Event: 2,114 GC heap before
{Heap before GC invocations=7 (full 0):
 PSYoungGen      total 128512K, used 128434K [0x00000000d6d80000, 0x00000000dec80000, 0x0000000100000000)
  eden space 126976K, 100% used [0x00000000d6d80000,0x00000000de980000,0x00000000de980000)
  from space 1536K, 94% used [0x00000000deb00000,0x00000000dec6c820,0x00000000dec80000)
  to   space 1536K, 0% used [0x00000000de980000,0x00000000de980000,0x00000000deb00000)
 ParOldGen       total 84992K, used 40K [0x0000000084800000, 0x0000000089b00000, 0x00000000d6d80000)
  object space 84992K, 0% used [0x0000000084800000,0x000000008480a000,0x0000000089b00000)
 Metaspace       used 9073K, capacity 9304K, committed 9600K, reserved 1058816K
  class space    used 997K, capacity 1096K, committed 1152K, reserved 1048576K
Event: 2,116 GC heap after
Heap after GC invocations=7 (full 0):
 PSYoungGen      total 128512K, used 128K [0x00000000d6d80000, 0x00000000e6980000, 0x0000000100000000)
  eden space 126976K, 0% used [0x00000000d6d80000,0x00000000d6d80000,0x00000000de980000)
  from space 1536K, 8% used [0x00000000de980000,0x00000000de9a0000,0x00000000deb00000)
  to   space 2048K, 0% used [0x00000000e6780000,0x00000000e6780000,0x00000000e6980000)
 ParOldGen       total 84992K, used 1293K [0x0000000084800000, 0x0000000089b00000, 0x00000000d6d80000)
  object space 84992K, 1% used [0x0000000084800000,0x0000000084943558,0x0000000089b00000)
 Metaspace       used 9073K, capacity 9304K, committed 9600K, reserved 1058816K
  class space    used 997K, capacity 1096K, committed 1152K, reserved 1048576K
}
Event: 2,228 GC heap before
{Heap before GC invocations=8 (full 0):
 PSYoungGen      total 128512K, used 127104K [0x00000000d6d80000, 0x00000000e6980000, 0x0000000100000000)
  eden space 126976K, 100% used [0x00000000d6d80000,0x00000000de980000,0x00000000de980000)
  from space 1536K, 8% used [0x00000000de980000,0x00000000de9a0000,0x00000000deb00000)
  to   space 2048K, 0% used [0x00000000e6780000,0x00000000e6780000,0x00000000e6980000)
 ParOldGen       total 84992K, used 1293K [0x0000000084800000, 0x0000000089b00000, 0x00000000d6d80000)
  object space 84992K, 1% used [0x0000000084800000,0x0000000084943558,0x0000000089b00000)
 Metaspace       used 9075K, capacity 9304K, committed 9600K, reserved 1058816K
  class space    used 997K, capacity 1096K, committed 1152K, reserved 1048576K
Event: 2,232 GC heap after
Heap after GC invocations=8 (full 0):
 PSYoungGen      total 256000K, used 192K [0x00000000d6d80000, 0x00000000e6980000, 0x0000000100000000)
  eden space 253952K, 0% used [0x00000000d6d80000,0x00000000d6d80000,0x00000000e6580000)
  from space 2048K, 9% used [0x00000000e6780000,0x00000000e67b0000,0x00000000e6980000)
  to   space 2048K, 0% used [0x00000000e6580000,0x00000000e6580000,0x00000000e6780000)
 ParOldGen       total 84992K, used 1373K [0x0000000084800000, 0x0000000089b00000, 0x00000000d6d80000)
  object space 84992K, 1% used [0x0000000084800000,0x0000000084957558,0x0000000089b00000)
 Metaspace       used 9075K, capacity 9304K, committed 9600K, reserved 1058816K
  class space    used 997K, capacity 1096K, committed 1152K, reserved 1048576K
}
Event: 2,620 GC heap before
{Heap before GC invocations=9 (full 0):
 PSYoungGen      total 256000K, used 254144K [0x00000000d6d80000, 0x00000000e6980000, 0x0000000100000000)
  eden space 253952K, 100% used [0x00000000d6d80000,0x00000000e6580000,0x00000000e6580000)
  from space 2048K, 9% used [0x00000000e6780000,0x00000000e67b0000,0x00000000e6980000)
  to   space 2048K, 0% used [0x00000000e6580000,0x00000000e6580000,0x00000000e6780000)
 ParOldGen       total 84992K, used 1373K [0x0000000084800000, 0x0000000089b00000, 0x00000000d6d80000)
  object space 84992K, 1% used [0x0000000084800000,0x0000000084957558,0x0000000089b00000)
 Metaspace       used 9076K, capacity 9304K, committed 9600K, reserved 1058816K
  class space    used 997K, capacity 1096K, committed 1152K, reserved 1048576K

