# JRE version: OpenJDK Runtime Environment (8.0_111-b14) (build 1.8.0_111-8u111-b14-2ubuntu0.16.04.2-b14)
# Java VM: OpenJDK 64-Bit Server VM (25.111-b14 mixed mode linux-amd64 compressed oops)
Heap:
 PSYoungGen      total 256000K, used 256K [0x00000000d6d80000, 0x00000000e6980000, 0x0000000100000000)
  eden space 253952K, 0% used [0x00000000d6d80000,0x00000000d6d80000,0x00000000e6580000)
  from space 2048K, 12% used [0x00000000e6580000,0x00000000e65c0000,0x00000000e6780000)
  to   space 2048K, 0% used [0x00000000e6780000,0x00000000e6780000,0x00000000e6980000)
 ParOldGen       total 84992K, used 1356K [0x0000000084800000, 0x0000000089b00000, 0x00000000d6d80000)
  object space 84992K, 1% used [0x0000000084800000,0x0000000084953390,0x0000000089b00000)
 Metaspace       used 9326K, capacity 9560K, committed 9856K, reserved 1058816K
  class space    used 1000K, capacity 1096K, committed 1152K, reserved 1048576K
GC Heap History (10 events):
Event: 1,492 GC heap after
Heap after GC invocations=4 (full 0):
 PSYoungGen      total 68608K, used 1384K [0x00000000d6d80000, 0x00000000db580000, 0x0000000100000000)
  eden space 63488K, 0% used [0x00000000d6d80000,0x00000000d6d80000,0x00000000dab80000)
  from space 5120K, 27% used [0x00000000db080000,0x00000000db1da330,0x00000000db580000)
  to   space 5120K, 0% used [0x00000000dab80000,0x00000000dab80000,0x00000000db080000)
 ParOldGen       total 84992K, used 40K [0x0000000084800000, 0x0000000089b00000, 0x00000000d6d80000)
  object space 84992K, 0% used [0x0000000084800000,0x000000008480a000,0x0000000089b00000)
 Metaspace       used 8699K, capacity 8902K, committed 9088K, reserved 1056768K
  class space    used 956K, capacity 1027K, committed 1152K, reserved 1048576K
}
Event: 1,549 GC heap before
{Heap before GC invocations=5 (full 0):
 PSYoungGen      total 68608K, used 64872K [0x00000000d6d80000, 0x00000000db580000, 0x0000000100000000)
  eden space 63488K, 100% used [0x00000000d6d80000,0x00000000dab80000,0x00000000dab80000)
  from space 5120K, 27% used [0x00000000db080000,0x00000000db1da330,0x00000000db580000)
  to   space 5120K, 0% used [0x00000000dab80000,0x00000000dab80000,0x00000000db080000)
 ParOldGen       total 84992K, used 40K [0x0000000084800000, 0x0000000089b00000, 0x00000000d6d80000)
  object space 84992K, 0% used [0x0000000084800000,0x000000008480a000,0x0000000089b00000)
 Metaspace       used 8699K, capacity 8902K, committed 9088K, reserved 1056768K
  class space    used 956K, capacity 1027K, committed 1152K, reserved 1048576K
Event: 1,553 GC heap after
Heap after GC invocations=5 (full 0):
 PSYoungGen      total 68608K, used 1362K [0x00000000d6d80000, 0x00000000ded80000, 0x0000000100000000)
  eden space 63488K, 0% used [0x00000000d6d80000,0x00000000d6d80000,0x00000000dab80000)
  from space 5120K, 26% used [0x00000000dab80000,0x00000000dacd4820,0x00000000db080000)
  to   space 2048K, 0% used [0x00000000deb80000,0x00000000deb80000,0x00000000ded80000)
 ParOldGen       total 84992K, used 40K [0x0000000084800000, 0x0000000089b00000, 0x00000000d6d80000)
  object space 84992K, 0% used [0x0000000084800000,0x000000008480a000,0x0000000089b00000)
 Metaspace       used 8699K, capacity 8902K, committed 9088K, reserved 1056768K
  class space    used 956K, capacity 1027K, committed 1152K, reserved 1048576K
}
Event: 1,594 GC heap before
{Heap before GC invocations=6 (full 0):
 PSYoungGen      total 68608K, used 64850K [0x00000000d6d80000, 0x00000000ded80000, 0x0000000100000000)
  eden space 63488K, 100% used [0x00000000d6d80000,0x00000000dab80000,0x00000000dab80000)
  from space 5120K, 26% used [0x00000000dab80000,0x00000000dacd4820,0x00000000db080000)
  to   space 2048K, 0% used [0x00000000deb80000,0x00000000deb80000,0x00000000ded80000)
 ParOldGen       total 84992K, used 40K [0x0000000084800000, 0x0000000089b00000, 0x00000000d6d80000)
  object space 84992K, 0% used [0x0000000084800000,0x000000008480a000,0x0000000089b00000)
 Metaspace       used 8699K, capacity 8902K, committed 9088K, reserved 1056768K
  class space    used 956K, capacity 1027K, committed 1152K, reserved 1048576K
Event: 1,597 GC heap after
Heap after GC invocations=6 (full 0):
 PSYoungGen      total 129024K, used 1316K [0x00000000d6d80000, 0x00000000ded80000, 0x0000000100000000)
  eden space 126976K, 0% used [0x00000000d6d80000,0x00000000d6d80000,0x00000000de980000)
  from space 2048K, 64% used [0x00000000deb80000,0x00000000decc9060,0x00000000ded80000)
  to   space 2048K, 0% used [0x00000000de980000,0x00000000de980000,0x00000000deb80000)
 ParOldGen       total 84992K, used 40K [0x0000000084800000, 0x0000000089b00000, 0x00000000d6d80000)
  object space 84992K, 0% used [0x0000000084800000,0x000000008480a000,0x0000000089b00000)
 Metaspace       used 8699K, capacity 8902K, committed 9088K, reserved 1056768K
  class space    used 956K, capacity 1027K, committed 1152K, reserved 1048576K
}
Event: 1,680 GC heap before
{Heap before GC invocations=7 (full 0):
 PSYoungGen      total 129024K, used 128292K [0x00000000d6d80000, 0x00000000ded80000, 0x0000000100000000)
  eden space 126976K, 100% used [0x00000000d6d80000,0x00000000de980000,0x00000000de980000)
  from space 2048K, 64% used [0x00000000deb80000,0x00000000decc9060,0x00000000ded80000)
  to   space 2048K, 0% used [0x00000000de980000,0x00000000de980000,0x00000000deb80000)
 ParOldGen       total 84992K, used 40K [0x0000000084800000, 0x0000000089b00000, 0x00000000d6d80000)
  object space 84992K, 0% used [0x0000000084800000,0x000000008480a000,0x0000000089b00000)
 Metaspace       used 8699K, capacity 8902K, committed 9088K, reserved 1056768K
  class space    used 956K, capacity 1027K, committed 1152K, reserved 1048576K
Event: 1,687 GC heap after
Heap after GC invocations=7 (full 0):
 PSYoungGen      total 129024K, used 104K [0x00000000d6d80000, 0x00000000e6980000, 0x0000000100000000)
  eden space 126976K, 0% used [0x00000000d6d80000,0x00000000d6d80000,0x00000000de980000)
  from space 2048K, 5% used [0x00000000de980000,0x00000000de99a310,0x00000000deb80000)
  to   space 2048K, 0% used [0x00000000e6780000,0x00000000e6780000,0x00000000e6980000)
 ParOldGen       total 84992K, used 1324K [0x0000000084800000, 0x0000000089b00000, 0x00000000d6d80000)
  object space 84992K, 1% used [0x0000000084800000,0x000000008494b390,0x0000000089b00000)
 Metaspace       used 8699K, capacity 8902K, committed 9088K, reserved 1056768K
  class space    used 956K, capacity 1027K, committed 1152K, reserved 1048576K
}
Event: 7,675 GC heap before
{Heap before GC invocations=8 (full 0):
 PSYoungGen      total 129024K, used 127080K [0x00000000d6d80000, 0x00000000e6980000, 0x0000000100000000)
  eden space 126976K, 100% used [0x00000000d6d80000,0x00000000de980000,0x00000000de980000)
  from space 2048K, 5% used [0x00000000de980000,0x00000000de99a310,0x00000000deb80000)
  to   space 2048K, 0% used [0x00000000e6780000,0x00000000e6780000,0x00000000e6980000)
 ParOldGen       total 84992K, used 1324K [0x0000000084800000, 0x0000000089b00000, 0x00000000d6d80000)
  object space 84992K, 1% used [0x0000000084800000,0x000000008494b390,0x0000000089b00000)
 Metaspace       used 9325K, capacity 9560K, committed 9856K, reserved 1058816K
  class space    used 999K, capacity 1096K, committed 1152K, reserved 1048576K
Event: 7,677 GC heap after
Heap after GC invocations=8 (full 0):
 PSYoungGen      total 256000K, used 160K [0x00000000d6d80000, 0x00000000e6980000, 0x0000000100000000)
  eden space 253952K, 0% used [0x00000000d6d80000,0x00000000d6d80000,0x00000000e6580000)
  from space 2048K, 7% used [0x00000000e6780000,0x00000000e67a8000,0x00000000e6980000)
  to   space 2048K, 0% used [0x00000000e6580000,0x00000000e6580000,0x00000000e6780000)
 ParOldGen       total 84992K, used 1332K [0x0000000084800000, 0x0000000089b00000, 0x00000000d6d80000)
  object space 84992K, 1% used [0x0000000084800000,0x000000008494d390,0x0000000089b00000)
 Metaspace       used 9325K, capacity 9560K, committed 9856K, reserved 1058816K
  class space    used 999K, capacity 1096K, committed 1152K, reserved 1048576K
}
Event: 7,912 GC heap before
{Heap before GC invocations=9 (full 0):
 PSYoungGen      total 256000K, used 254112K [0x00000000d6d80000, 0x00000000e6980000, 0x0000000100000000)
  eden space 253952K, 100% used [0x00000000d6d80000,0x00000000e6580000,0x00000000e6580000)
  from space 2048K, 7% used [0x00000000e6780000,0x00000000e67a8000,0x00000000e6980000)
  to   space 2048K, 0% used [0x00000000e6580000,0x00000000e6580000,0x00000000e6780000)
 ParOldGen       total 84992K, used 1332K [0x0000000084800000, 0x0000000089b00000, 0x00000000d6d80000)
  object space 84992K, 1% used [0x0000000084800000,0x000000008494d390,0x0000000089b00000)
 Metaspace       used 9326K, capacity 9560K, committed 9856K, reserved 1058816K
  class space    used 1000K, capacity 1096K, committed 1152K, reserved 1048576K

