# JRE version: OpenJDK Runtime Environment (8.0_111-b14) (build 1.8.0_111-8u111-b14-2ubuntu0.16.04.2-b14)
# Java VM: OpenJDK 64-Bit Server VM (25.111-b14 mixed mode linux-amd64 compressed oops)
Heap:
 PSYoungGen      total 254976K, used 192K [0x00000000d6d80000, 0x00000000e6880000, 0x0000000100000000)
  eden space 252928K, 0% used [0x00000000d6d80000,0x00000000d6d80000,0x00000000e6480000)
  from space 2048K, 9% used [0x00000000e6480000,0x00000000e64b0000,0x00000000e6680000)
  to   space 2048K, 0% used [0x00000000e6680000,0x00000000e6680000,0x00000000e6880000)
 ParOldGen       total 84992K, used 1393K [0x0000000084800000, 0x0000000089b00000, 0x00000000d6d80000)
  object space 84992K, 1% used [0x0000000084800000,0x000000008495c6b8,0x0000000089b00000)
 Metaspace       used 9424K, capacity 9620K, committed 9856K, reserved 1058816K
  class space    used 996K, capacity 1096K, committed 1152K, reserved 1048576K
GC Heap History (10 events):
Event: 0,697 GC heap after
Heap after GC invocations=4 (full 0):
 PSYoungGen      total 68608K, used 1396K [0x00000000d6d80000, 0x00000000db580000, 0x0000000100000000)
  eden space 63488K, 0% used [0x00000000d6d80000,0x00000000d6d80000,0x00000000dab80000)
  from space 5120K, 27% used [0x00000000db080000,0x00000000db1dd050,0x00000000db580000)
  to   space 5120K, 0% used [0x00000000dab80000,0x00000000dab80000,0x00000000db080000)
 ParOldGen       total 84992K, used 32K [0x0000000084800000, 0x0000000089b00000, 0x00000000d6d80000)
  object space 84992K, 0% used [0x0000000084800000,0x0000000084808000,0x0000000089b00000)
 Metaspace       used 8699K, capacity 8898K, committed 9088K, reserved 1056768K
  class space    used 954K, capacity 1027K, committed 1152K, reserved 1048576K
}
Event: 0,756 GC heap before
{Heap before GC invocations=5 (full 0):
 PSYoungGen      total 68608K, used 64884K [0x00000000d6d80000, 0x00000000db580000, 0x0000000100000000)
  eden space 63488K, 100% used [0x00000000d6d80000,0x00000000dab80000,0x00000000dab80000)
  from space 5120K, 27% used [0x00000000db080000,0x00000000db1dd050,0x00000000db580000)
  to   space 5120K, 0% used [0x00000000dab80000,0x00000000dab80000,0x00000000db080000)
 ParOldGen       total 84992K, used 32K [0x0000000084800000, 0x0000000089b00000, 0x00000000d6d80000)
  object space 84992K, 0% used [0x0000000084800000,0x0000000084808000,0x0000000089b00000)
 Metaspace       used 8699K, capacity 8898K, committed 9088K, reserved 1056768K
  class space    used 954K, capacity 1027K, committed 1152K, reserved 1048576K
Event: 0,760 GC heap after
Heap after GC invocations=5 (full 0):
 PSYoungGen      total 68608K, used 1379K [0x00000000d6d80000, 0x00000000dec80000, 0x0000000100000000)
  eden space 63488K, 0% used [0x00000000d6d80000,0x00000000d6d80000,0x00000000dab80000)
  from space 5120K, 26% used [0x00000000dab80000,0x00000000dacd8c00,0x00000000db080000)
  to   space 1536K, 0% used [0x00000000deb00000,0x00000000deb00000,0x00000000dec80000)
 ParOldGen       total 84992K, used 32K [0x0000000084800000, 0x0000000089b00000, 0x00000000d6d80000)
  object space 84992K, 0% used [0x0000000084800000,0x0000000084808000,0x0000000089b00000)
 Metaspace       used 8699K, capacity 8898K, committed 9088K, reserved 1056768K
  class space    used 954K, capacity 1027K, committed 1152K, reserved 1048576K
}
Event: 11,611 GC heap before
{Heap before GC invocations=6 (full 0):
 PSYoungGen      total 68608K, used 64867K [0x00000000d6d80000, 0x00000000dec80000, 0x0000000100000000)
  eden space 63488K, 100% used [0x00000000d6d80000,0x00000000dab80000,0x00000000dab80000)
  from space 5120K, 26% used [0x00000000dab80000,0x00000000dacd8c00,0x00000000db080000)
  to   space 1536K, 0% used [0x00000000deb00000,0x00000000deb00000,0x00000000dec80000)
 ParOldGen       total 84992K, used 32K [0x0000000084800000, 0x0000000089b00000, 0x00000000d6d80000)
  object space 84992K, 0% used [0x0000000084800000,0x0000000084808000,0x0000000089b00000)
 Metaspace       used 9422K, capacity 9620K, committed 9856K, reserved 1058816K
  class space    used 996K, capacity 1096K, committed 1152K, reserved 1048576K
Event: 11,618 GC heap after
Heap after GC invocations=6 (full 0):
 PSYoungGen      total 128000K, used 1489K [0x00000000d6d80000, 0x00000000ded80000, 0x0000000100000000)
  eden space 126464K, 0% used [0x00000000d6d80000,0x00000000d6d80000,0x00000000de900000)
  from space 1536K, 97% used [0x00000000deb00000,0x00000000dec747b8,0x00000000dec80000)
  to   space 2048K, 0% used [0x00000000de900000,0x00000000de900000,0x00000000deb00000)
 ParOldGen       total 84992K, used 40K [0x0000000084800000, 0x0000000089b00000, 0x00000000d6d80000)
  object space 84992K, 0% used [0x0000000084800000,0x000000008480a000,0x0000000089b00000)
 Metaspace       used 9422K, capacity 9620K, committed 9856K, reserved 1058816K
  class space    used 996K, capacity 1096K, committed 1152K, reserved 1048576K
}
Event: 11,743 GC heap before
{Heap before GC invocations=7 (full 0):
 PSYoungGen      total 128000K, used 127953K [0x00000000d6d80000, 0x00000000ded80000, 0x0000000100000000)
  eden space 126464K, 100% used [0x00000000d6d80000,0x00000000de900000,0x00000000de900000)
  from space 1536K, 97% used [0x00000000deb00000,0x00000000dec747b8,0x00000000dec80000)
  to   space 2048K, 0% used [0x00000000de900000,0x00000000de900000,0x00000000deb00000)
 ParOldGen       total 84992K, used 40K [0x0000000084800000, 0x0000000089b00000, 0x00000000d6d80000)
  object space 84992K, 0% used [0x0000000084800000,0x000000008480a000,0x0000000089b00000)
 Metaspace       used 9422K, capacity 9620K, committed 9856K, reserved 1058816K
  class space    used 996K, capacity 1096K, committed 1152K, reserved 1048576K
Event: 11,750 GC heap after
Heap after GC invocations=7 (full 0):
 PSYoungGen      total 128512K, used 192K [0x00000000d6d80000, 0x00000000e6880000, 0x0000000100000000)
  eden space 126464K, 0% used [0x00000000d6d80000,0x00000000d6d80000,0x00000000de900000)
  from space 2048K, 9% used [0x00000000de900000,0x00000000de9303d0,0x00000000deb00000)
  to   space 2048K, 0% used [0x00000000e6680000,0x00000000e6680000,0x00000000e6880000)
 ParOldGen       total 84992K, used 1313K [0x0000000084800000, 0x0000000089b00000, 0x00000000d6d80000)
  object space 84992K, 1% used [0x0000000084800000,0x00000000849486b8,0x0000000089b00000)
 Metaspace       used 9422K, capacity 9620K, committed 9856K, reserved 1058816K
  class space    used 996K, capacity 1096K, committed 1152K, reserved 1048576K
}
Event: 11,856 GC heap before
{Heap before GC invocations=8 (full 0):
 PSYoungGen      total 128512K, used 126656K [0x00000000d6d80000, 0x00000000e6880000, 0x0000000100000000)
  eden space 126464K, 100% used [0x00000000d6d80000,0x00000000de900000,0x00000000de900000)
  from space 2048K, 9% used [0x00000000de900000,0x00000000de9303d0,0x00000000deb00000)
  to   space 2048K, 0% used [0x00000000e6680000,0x00000000e6680000,0x00000000e6880000)
 ParOldGen       total 84992K, used 1313K [0x0000000084800000, 0x0000000089b00000, 0x00000000d6d80000)
  object space 84992K, 1% used [0x0000000084800000,0x00000000849486b8,0x0000000089b00000)
 Metaspace       used 9424K, capacity 9620K, committed 9856K, reserved 1058816K
  class space    used 996K, capacity 1096K, committed 1152K, reserved 1048576K
Event: 11,860 GC heap after
Heap after GC invocations=8 (full 0):
 PSYoungGen      total 254976K, used 256K [0x00000000d6d80000, 0x00000000e6880000, 0x0000000100000000)
  eden space 252928K, 0% used [0x00000000d6d80000,0x00000000d6d80000,0x00000000e6480000)
  from space 2048K, 12% used [0x00000000e6680000,0x00000000e66c0000,0x00000000e6880000)
  to   space 2048K, 0% used [0x00000000e6480000,0x00000000e6480000,0x00000000e6680000)
 ParOldGen       total 84992K, used 1321K [0x0000000084800000, 0x0000000089b00000, 0x00000000d6d80000)
  object space 84992K, 1% used [0x0000000084800000,0x000000008494a6b8,0x0000000089b00000)
 Metaspace       used 9424K, capacity 9620K, committed 9856K, reserved 1058816K
  class space    used 996K, capacity 1096K, committed 1152K, reserved 1048576K
}
Event: 12,162 GC heap before
{Heap before GC invocations=9 (full 0):
 PSYoungGen      total 254976K, used 253184K [0x00000000d6d80000, 0x00000000e6880000, 0x0000000100000000)
  eden space 252928K, 100% used [0x00000000d6d80000,0x00000000e6480000,0x00000000e6480000)
  from space 2048K, 12% used [0x00000000e6680000,0x00000000e66c0000,0x00000000e6880000)
  to   space 2048K, 0% used [0x00000000e6480000,0x00000000e6480000,0x00000000e6680000)
 ParOldGen       total 84992K, used 1321K [0x0000000084800000, 0x0000000089b00000, 0x00000000d6d80000)
  object space 84992K, 1% used [0x0000000084800000,0x000000008494a6b8,0x0000000089b00000)
 Metaspace       used 9424K, capacity 9620K, committed 9856K, reserved 1058816K
  class space    used 996K, capacity 1096K, committed 1152K, reserved 1048576K

